2021-07-02 23:06:03,381 BaseView.py INFO  input  定位xpath元素，元素值为//*[@text="请输入用户名"],并在此处输入内容jiaquan0729
2021-07-02 23:06:04,719 BaseView.py INFO  input  定位xpath元素，元素值为//*[@resource-id="com.tal.kaoyan:id/login_password_edittext"],并在此处输入内容772878309quan
2021-07-02 23:06:22,333 BaseView.py INFO  input  定位xpath元素，元素值为//*[@text="请输入用户名"],并在此处输入内容qwerty2664
2021-07-02 23:06:38,960 BaseView.py INFO  input  定位xpath元素，元素值为//*[@text="请输入用户名"],并在此处输入内容jiaquan0729
2021-07-02 23:06:55,510 BaseView.py INFO  input  定位xpath元素，元素值为//*[@text="请输入用户名"],并在此处输入内容asasasdd
2021-07-02 23:09:13,141 BaseView.py INFO  input  定位xpath元素，元素值为//*[@text="请输入用户名"],并在此处输入内容jiaquan0729
2021-07-02 23:09:14,494 BaseView.py INFO  input  定位xpath元素，元素值为//*[@resource-id="com.tal.kaoyan:id/login_password_edittext"],并在此处输入内容772878309quan
2021-07-02 23:09:31,716 BaseView.py INFO  input  定位xpath元素，元素值为//*[@text="请输入用户名"],并在此处输入内容qwerty2664
2021-07-02 23:09:33,116 BaseView.py INFO  input  定位xpath元素，元素值为//*[@resource-id="com.tal.kaoyan:id/login_password_edittext"],并在此处输入内容qwerty123
2021-07-02 23:09:50,213 BaseView.py INFO  input  定位xpath元素，元素值为//*[@text="请输入用户名"],并在此处输入内容jiaquan0729
2021-07-02 23:09:51,652 BaseView.py INFO  input  定位xpath元素，元素值为//*[@resource-id="com.tal.kaoyan:id/login_password_edittext"],并在此处输入内容772878309quan
2021-07-02 23:10:08,643 BaseView.py INFO  input  定位xpath元素，元素值为//*[@text="请输入用户名"],并在此处输入内容asasasdd
2021-07-02 23:10:10,003 BaseView.py INFO  input  定位xpath元素，元素值为//*[@resource-id="com.tal.kaoyan:id/login_password_edittext"],并在此处输入内容asdasdsadfa
2021-07-02 23:28:25,169 BaseView.py INFO  input  定位xpath元素，元素值为//*[@text="请输入用户名"],并在此处输入内容jiaquan0729
2021-07-02 23:28:26,568 BaseView.py INFO  input  定位xpath元素，元素值为//*[@resource-id="com.tal.kaoyan:id/login_password_edittext"],并在此处输入内容772878309quan
2021-07-02 23:28:43,972 BaseView.py INFO  input  定位xpath元素，元素值为//*[@text="请输入用户名"],并在此处输入内容qwerty2664
2021-07-02 23:28:45,389 BaseView.py INFO  input  定位xpath元素，元素值为//*[@resource-id="com.tal.kaoyan:id/login_password_edittext"],并在此处输入内容qwerty123
2021-07-02 23:29:02,670 BaseView.py INFO  input  定位xpath元素，元素值为//*[@text="请输入用户名"],并在此处输入内容jiaquan0729
2021-07-02 23:29:04,038 BaseView.py INFO  input  定位xpath元素，元素值为//*[@resource-id="com.tal.kaoyan:id/login_password_edittext"],并在此处输入内容772878309quan
2021-07-02 23:29:21,467 BaseView.py INFO  input  定位xpath元素，元素值为//*[@text="请输入用户名"],并在此处输入内容asasasdd
2021-07-02 23:29:22,869 BaseView.py INFO  input  定位xpath元素，元素值为//*[@resource-id="com.tal.kaoyan:id/login_password_edittext"],并在此处输入内容asdasdsadfa
2021-07-02 23:39:00,408 BaseView.py INFO  input  定位xpath元素，元素值为//*[@text="请输入用户名"],并在此处输入内容jiaquan0729
2021-07-02 23:39:02,288 BaseView.py INFO  input  定位xpath元素，元素值为//*[@resource-id="com.tal.kaoyan:id/login_password_edittext"],并在此处输入内容772878309quan
2021-07-02 23:39:19,924 BaseView.py INFO  input  定位xpath元素，元素值为//*[@text="请输入用户名"],并在此处输入内容qwerty2664
2021-07-02 23:39:21,318 BaseView.py INFO  input  定位xpath元素，元素值为//*[@resource-id="com.tal.kaoyan:id/login_password_edittext"],并在此处输入内容qwerty123
2021-07-02 23:39:39,113 BaseView.py INFO  input  定位xpath元素，元素值为//*[@text="请输入用户名"],并在此处输入内容jiaquan0729
2021-07-02 23:39:40,500 BaseView.py INFO  input  定位xpath元素，元素值为//*[@resource-id="com.tal.kaoyan:id/login_password_edittext"],并在此处输入内容772878309quan
2021-07-02 23:39:57,926 BaseView.py INFO  input  定位xpath元素，元素值为//*[@text="请输入用户名"],并在此处输入内容asasasdd
2021-07-02 23:39:59,269 BaseView.py INFO  input  定位xpath元素，元素值为//*[@resource-id="com.tal.kaoyan:id/login_password_edittext"],并在此处输入内容asdasdsadfa
2021-07-02 23:41:17,829 BaseView.py INFO  input  定位xpath元素，元素值为//*[@text="请输入用户名"],并在此处输入内容jiaquan0729
2021-07-02 23:41:19,235 BaseView.py INFO  input  定位xpath元素，元素值为//*[@resource-id="com.tal.kaoyan:id/login_password_edittext"],并在此处输入内容772878309quan
2021-07-02 23:41:36,266 BaseView.py INFO  input  定位xpath元素，元素值为//*[@text="请输入用户名"],并在此处输入内容qwerty2664
2021-07-02 23:41:37,767 BaseView.py INFO  input  定位xpath元素，元素值为//*[@resource-id="com.tal.kaoyan:id/login_password_edittext"],并在此处输入内容qwerty123
2021-07-02 23:41:55,094 BaseView.py INFO  input  定位xpath元素，元素值为//*[@text="请输入用户名"],并在此处输入内容jiaquan0729
2021-07-02 23:41:56,486 BaseView.py INFO  input  定位xpath元素，元素值为//*[@resource-id="com.tal.kaoyan:id/login_password_edittext"],并在此处输入内容772878309quan
2021-07-02 23:42:13,596 BaseView.py INFO  input  定位xpath元素，元素值为//*[@text="请输入用户名"],并在此处输入内容asasasdd
2021-07-02 23:42:14,985 BaseView.py INFO  input  定位xpath元素，元素值为//*[@resource-id="com.tal.kaoyan:id/login_password_edittext"],并在此处输入内容asdasdsadfa
2021-07-02 23:57:21,295 BaseView.py INFO  input  定位xpath元素，元素值为//*[@text="请输入用户名"],并在此处输入内容jiaquan0729
2021-07-02 23:57:22,689 BaseView.py INFO  input  定位xpath元素，元素值为//*[@resource-id="com.tal.kaoyan:id/login_password_edittext"],并在此处输入内容772878309quan
2021-07-02 23:57:23,710 BaseView.py INFO  checkinfo  执行断言
2021-07-02 23:57:48,542 BaseView.py INFO  input  定位xpath元素，元素值为//*[@text="请输入用户名"],并在此处输入内容qwerty2664
2021-07-02 23:57:50,005 BaseView.py INFO  input  定位xpath元素，元素值为//*[@resource-id="com.tal.kaoyan:id/login_password_edittext"],并在此处输入内容qwerty123
2021-07-02 23:58:07,497 BaseView.py INFO  input  定位xpath元素，元素值为//*[@text="请输入用户名"],并在此处输入内容jiaquan0729
2021-07-02 23:58:08,934 BaseView.py INFO  input  定位xpath元素，元素值为//*[@resource-id="com.tal.kaoyan:id/login_password_edittext"],并在此处输入内容772878309quan
2021-07-02 23:58:26,219 BaseView.py INFO  input  定位xpath元素，元素值为//*[@text="请输入用户名"],并在此处输入内容asasasdd
2021-07-02 23:58:27,652 BaseView.py INFO  input  定位xpath元素，元素值为//*[@resource-id="com.tal.kaoyan:id/login_password_edittext"],并在此处输入内容asdasdsadfa
2021-07-02 23:59:11,351 BaseView.py INFO  input  定位xpath元素，元素值为//*[@text="请输入用户名"],并在此处输入内容jiaquan0729
2021-07-02 23:59:36,847 BaseView.py INFO  input  定位xpath元素，元素值为//*[@text="请输入用户名"],并在此处输入内容qwerty2664
2021-07-02 23:59:38,255 BaseView.py INFO  input  定位xpath元素，元素值为//*[@resource-id="com.tal.kaoyan:id/login_password_edittext"],并在此处输入内容qwerty123
2021-07-02 23:59:39,273 BaseView.py INFO  checkinfo  执行断言
2021-07-03 00:00:05,101 BaseView.py INFO  input  定位xpath元素，元素值为//*[@text="请输入用户名"],并在此处输入内容jiaquan0729
2021-07-03 00:00:06,484 BaseView.py INFO  input  定位xpath元素，元素值为//*[@resource-id="com.tal.kaoyan:id/login_password_edittext"],并在此处输入内容772878309quan
2021-07-03 00:00:07,506 BaseView.py INFO  checkinfo  执行断言
2021-07-03 00:00:33,324 BaseView.py INFO  input  定位xpath元素，元素值为//*[@text="请输入用户名"],并在此处输入内容asasasdd
2021-07-03 00:00:34,710 BaseView.py INFO  input  定位xpath元素，元素值为//*[@resource-id="com.tal.kaoyan:id/login_password_edittext"],并在此处输入内容asdasdsadfa
2021-07-03 00:00:35,741 BaseView.py INFO  checkinfo  执行断言
2021-07-03 00:01:55,847 BaseView.py INFO  input  定位xpath元素，元素值为//*[@text="请输入用户名"],并在此处输入内容jiaquan0729
2021-07-03 00:01:57,141 BaseView.py INFO  input  定位xpath元素，元素值为//*[@resource-id="com.tal.kaoyan:id/login_password_edittext"],并在此处输入内容772878309quan
2021-07-03 00:01:58,163 BaseView.py INFO  checkinfo  执行断言
2021-07-03 00:02:17,872 BaseView.py INFO  input  定位xpath元素，元素值为//*[@text="请输入用户名"],并在此处输入内容qwerty2664
2021-07-03 00:02:19,304 BaseView.py INFO  input  定位xpath元素，元素值为//*[@resource-id="com.tal.kaoyan:id/login_password_edittext"],并在此处输入内容qwerty123
2021-07-03 00:02:20,323 BaseView.py INFO  checkinfo  执行断言
2021-07-03 00:02:45,729 BaseView.py INFO  input  定位xpath元素，元素值为//*[@text="请输入用户名"],并在此处输入内容jiaquan0729
2021-07-03 00:02:47,085 BaseView.py INFO  input  定位xpath元素，元素值为//*[@resource-id="com.tal.kaoyan:id/login_password_edittext"],并在此处输入内容772878309quan
2021-07-03 00:02:48,120 BaseView.py INFO  checkinfo  执行断言
2021-07-03 00:03:13,910 BaseView.py INFO  input  定位xpath元素，元素值为//*[@text="请输入用户名"],并在此处输入内容asasasdd
2021-07-03 00:03:15,303 BaseView.py INFO  input  定位xpath元素，元素值为//*[@resource-id="com.tal.kaoyan:id/login_password_edittext"],并在此处输入内容asdasdsadfa
2021-07-03 00:03:16,337 BaseView.py INFO  checkinfo  执行断言
2021-07-03 00:06:26,831 BaseView.py INFO  input  定位xpath元素，元素值为//*[@text="请输入用户名"],并在此处输入内容jiaquan0729
2021-07-03 00:06:28,317 BaseView.py INFO  input  定位xpath元素，元素值为//*[@resource-id="com.tal.kaoyan:id/login_password_edittext"],并在此处输入内容772878309quan
2021-07-03 00:06:29,345 BaseView.py INFO  checkinfo  执行断言
2021-07-03 00:06:49,160 BaseView.py INFO  input  定位xpath元素，元素值为//*[@text="请输入用户名"],并在此处输入内容qwerty2664
2021-07-03 00:06:50,501 BaseView.py INFO  input  定位xpath元素，元素值为//*[@resource-id="com.tal.kaoyan:id/login_password_edittext"],并在此处输入内容qwerty123
2021-07-03 00:06:51,519 BaseView.py INFO  checkinfo  执行断言
2021-07-03 00:07:17,521 BaseView.py INFO  input  定位xpath元素，元素值为//*[@text="请输入用户名"],并在此处输入内容jiaquan0729
2021-07-03 00:07:18,854 BaseView.py INFO  input  定位xpath元素，元素值为//*[@resource-id="com.tal.kaoyan:id/login_password_edittext"],并在此处输入内容772878309quan
2021-07-03 00:07:19,873 BaseView.py INFO  checkinfo  执行断言
2021-07-03 00:07:48,064 BaseView.py INFO  input  定位xpath元素，元素值为//*[@text="请输入用户名"],并在此处输入内容asasasdd
2021-07-03 00:07:49,537 BaseView.py INFO  input  定位xpath元素，元素值为//*[@resource-id="com.tal.kaoyan:id/login_password_edittext"],并在此处输入内容asdasdsadfa
2021-07-03 00:07:50,581 BaseView.py INFO  checkinfo  执行断言
2021-07-03 00:09:35,668 BaseView.py INFO  input  定位xpath元素，元素值为//*[@text="请输入用户名"],并在此处输入内容jiaquan0729
2021-07-03 00:09:37,087 BaseView.py INFO  input  定位xpath元素，元素值为//*[@resource-id="com.tal.kaoyan:id/login_password_edittext"],并在此处输入内容772878309quan
2021-07-03 00:09:38,111 BaseView.py INFO  checkinfo  执行断言
2021-07-03 00:09:58,360 BaseView.py INFO  input  定位xpath元素，元素值为//*[@text="请输入用户名"],并在此处输入内容qwerty2664
2021-07-03 00:09:59,735 BaseView.py INFO  input  定位xpath元素，元素值为//*[@resource-id="com.tal.kaoyan:id/login_password_edittext"],并在此处输入内容qwerty123
2021-07-03 00:10:00,760 BaseView.py INFO  checkinfo  执行断言
2021-07-03 00:13:21,996 BaseView.py INFO  input  定位xpath元素，元素值为//*[@text="请输入用户名"],并在此处输入内容jiaquan0729
2021-07-03 00:13:23,367 BaseView.py INFO  input  定位xpath元素，元素值为//*[@resource-id="com.tal.kaoyan:id/login_password_edittext"],并在此处输入内容772878309quan
2021-07-03 00:13:24,390 BaseView.py INFO  checkinfo  执行断言
2021-07-03 00:13:47,962 BaseView.py INFO  input  定位xpath元素，元素值为//*[@text="请输入用户名"],并在此处输入内容qwerty2664
2021-07-03 00:13:49,334 BaseView.py INFO  input  定位xpath元素，元素值为//*[@resource-id="com.tal.kaoyan:id/login_password_edittext"],并在此处输入内容qwerty123
2021-07-03 00:13:50,360 BaseView.py INFO  checkinfo  执行断言
2021-07-03 00:14:15,734 BaseView.py INFO  input  定位xpath元素，元素值为//*[@text="请输入用户名"],并在此处输入内容jiaquan0729
2021-07-03 00:14:17,169 BaseView.py INFO  input  定位xpath元素，元素值为//*[@resource-id="com.tal.kaoyan:id/login_password_edittext"],并在此处输入内容772878309quan
2021-07-03 00:14:18,198 BaseView.py INFO  checkinfo  执行断言
2021-07-03 00:14:43,778 BaseView.py INFO  input  定位xpath元素，元素值为//*[@text="请输入用户名"],并在此处输入内容asasasdd
2021-07-03 00:14:45,155 BaseView.py INFO  input  定位xpath元素，元素值为//*[@resource-id="com.tal.kaoyan:id/login_password_edittext"],并在此处输入内容asdasdsadfa
2021-07-03 00:14:46,187 BaseView.py INFO  checkinfo  执行断言
